[1.823s] Invoking command in '/workspace/src/overlay_viz': PYTHONPATH=/workspace/build/overlay_viz/prefix_override:/usr/lib/python3/dist-packages/colcon_core/task/python/colcon_distutils_commands:/workspace/install/overlay_viz/lib/python3.10/site-packages:${PYTHONPATH} /usr/bin/python3 -W ignore:setup.py install is deprecated -W ignore:easy_install command is deprecated setup.py egg_info --egg-base ../../build/overlay_viz build --build-base /workspace/build/overlay_viz/build install --record /workspace/build/overlay_viz/install.log --single-version-externally-managed install_data
[2.412s] running egg_info
[2.415s] writing ../../build/overlay_viz/overlay_viz.egg-info/PKG-INFO
[2.420s] writing dependency_links to ../../build/overlay_viz/overlay_viz.egg-info/dependency_links.txt
[2.424s] writing entry points to ../../build/overlay_viz/overlay_viz.egg-info/entry_points.txt
[2.426s] writing requirements to ../../build/overlay_viz/overlay_viz.egg-info/requires.txt
[2.428s] writing top-level names to ../../build/overlay_viz/overlay_viz.egg-info/top_level.txt
[2.439s] reading manifest file '../../build/overlay_viz/overlay_viz.egg-info/SOURCES.txt'
[2.448s] writing manifest file '../../build/overlay_viz/overlay_viz.egg-info/SOURCES.txt'
[2.451s] running build
[2.452s] running build_py
[2.481s] running install
[2.488s] running install_lib
[2.514s] running install_data
[2.517s] running install_egg_info
[2.518s] removing '/workspace/install/overlay_viz/lib/python3.10/site-packages/overlay_viz-0.0.0-py3.10.egg-info' (and everything under it)
[2.536s] Copying ../../build/overlay_viz/overlay_viz.egg-info to /workspace/install/overlay_viz/lib/python3.10/site-packages/overlay_viz-0.0.0-py3.10.egg-info
[2.631s] running install_scripts
[2.689s] Installing overlay_viz_node script to /workspace/install/overlay_viz/lib/overlay_viz
[2.707s] writing list of installed files to '/workspace/build/overlay_viz/install.log'
[2.884s] Invoked command in '/workspace/src/overlay_viz' returned '0': PYTHONPATH=/workspace/build/overlay_viz/prefix_override:/usr/lib/python3/dist-packages/colcon_core/task/python/colcon_distutils_commands:/workspace/install/overlay_viz/lib/python3.10/site-packages:${PYTHONPATH} /usr/bin/python3 -W ignore:setup.py install is deprecated -W ignore:easy_install command is deprecated setup.py egg_info --egg-base ../../build/overlay_viz build --build-base /workspace/build/overlay_viz/build install --record /workspace/build/overlay_viz/install.log --single-version-externally-managed install_data
