/workspace/install/image_pub/lib/python3.10/site-packages/image_pub/image_pub_rgb.py
/workspace/install/image_pub/lib/python3.10/site-packages/image_pub/image_pub_node.py
/workspace/install/image_pub/lib/python3.10/site-packages/image_pub/__init__.py
/workspace/install/image_pub/lib/python3.10/site-packages/image_pub/record_video_node.py
/workspace/install/image_pub/lib/python3.10/site-packages/image_pub/__pycache__/image_pub_rgb.cpython-310.pyc
/workspace/install/image_pub/lib/python3.10/site-packages/image_pub/__pycache__/image_pub_node.cpython-310.pyc
/workspace/install/image_pub/lib/python3.10/site-packages/image_pub/__pycache__/__init__.cpython-310.pyc
/workspace/install/image_pub/lib/python3.10/site-packages/image_pub/__pycache__/record_video_node.cpython-310.pyc
/workspace/install/image_pub/share/ament_index/resource_index/packages/image_pub
/workspace/install/image_pub/share/image_pub/package.xml
/workspace/install/image_pub/lib/python3.10/site-packages/image_pub-0.0.0-py3.10.egg-info/PKG-INFO
/workspace/install/image_pub/lib/python3.10/site-packages/image_pub-0.0.0-py3.10.egg-info/zip-safe
/workspace/install/image_pub/lib/python3.10/site-packages/image_pub-0.0.0-py3.10.egg-info/SOURCES.txt
/workspace/install/image_pub/lib/python3.10/site-packages/image_pub-0.0.0-py3.10.egg-info/entry_points.txt
/workspace/install/image_pub/lib/python3.10/site-packages/image_pub-0.0.0-py3.10.egg-info/requires.txt
/workspace/install/image_pub/lib/python3.10/site-packages/image_pub-0.0.0-py3.10.egg-info/top_level.txt
/workspace/install/image_pub/lib/python3.10/site-packages/image_pub-0.0.0-py3.10.egg-info/dependency_links.txt
/workspace/install/image_pub/lib/image_pub/image_pub_node
/workspace/install/image_pub/lib/image_pub/image_pub_rgb_node
/workspace/install/image_pub/lib/image_pub/image_recorder_node
