[0.947s] Invoking command in '/workspace/build/image_pub': PYTHONPATH=/workspace/build/image_pub/prefix_override:/usr/lib/python3/dist-packages/colcon_core/task/python/colcon_distutils_commands:/workspace/install/image_pub/lib/python3.10/site-packages:${PYTHONPATH} /usr/bin/python3 -W ignore:setup.py install is deprecated -W ignore:easy_install command is deprecated setup.py develop --editable --build-directory /workspace/build/image_pub/build --no-deps symlink_data
[1.231s] running develop
[1.383s] running egg_info
[1.384s] creating image_pub.egg-info
[1.384s] writing image_pub.egg-info/PKG-INFO
[1.387s] writing dependency_links to image_pub.egg-info/dependency_links.txt
[1.390s] writing entry points to image_pub.egg-info/entry_points.txt
[1.392s] writing requirements to image_pub.egg-info/requires.txt
[1.394s] writing top-level names to image_pub.egg-info/top_level.txt
[1.396s] writing manifest file 'image_pub.egg-info/SOURCES.txt'
[1.415s] reading manifest file 'image_pub.egg-info/SOURCES.txt'
[1.424s] writing manifest file 'image_pub.egg-info/SOURCES.txt'
[1.445s] running build_ext
[1.447s] Creating /workspace/install/image_pub/lib/python3.10/site-packages/image-pub.egg-link (link to .)
[1.464s] Installing image_pub_node script to /workspace/install/image_pub/lib/image_pub
[1.472s] Installing image_pub_rgb_node script to /workspace/install/image_pub/lib/image_pub
[1.568s] Installing image_recorder_node script to /workspace/install/image_pub/lib/image_pub
[1.575s] 
[1.576s] Installed /workspace/build/image_pub
[1.577s] running symlink_data
[1.578s] creating /workspace/install/image_pub/share/ament_index
[1.579s] creating /workspace/install/image_pub/share/ament_index/resource_index
[1.580s] creating /workspace/install/image_pub/share/ament_index/resource_index/packages
[1.583s] symbolically linking /workspace/build/image_pub/resource/image_pub -> /workspace/install/image_pub/share/ament_index/resource_index/packages
[1.584s] symbolically linking /workspace/build/image_pub/package.xml -> /workspace/install/image_pub/share/image_pub
[1.640s] Invoked command in '/workspace/build/image_pub' returned '0': PYTHONPATH=/workspace/build/image_pub/prefix_override:/usr/lib/python3/dist-packages/colcon_core/task/python/colcon_distutils_commands:/workspace/install/image_pub/lib/python3.10/site-packages:${PYTHONPATH} /usr/bin/python3 -W ignore:setup.py install is deprecated -W ignore:easy_install command is deprecated setup.py develop --editable --build-directory /workspace/build/image_pub/build --no-deps symlink_data
