running develop
Removing /workspace/install/image_pub/lib/python3.10/site-packages/image-pub.egg-link (link to .)
running egg_info
writing ../../build/image_pub/image_pub.egg-info/PKG-INFO
writing dependency_links to ../../build/image_pub/image_pub.egg-info/dependency_links.txt
writing entry points to ../../build/image_pub/image_pub.egg-info/entry_points.txt
writing requirements to ../../build/image_pub/image_pub.egg-info/requires.txt
writing top-level names to ../../build/image_pub/image_pub.egg-info/top_level.txt
reading manifest file '../../build/image_pub/image_pub.egg-info/SOURCES.txt'
writing manifest file '../../build/image_pub/image_pub.egg-info/SOURCES.txt'
running build
running build_py
creating /workspace/build/image_pub/build
creating /workspace/build/image_pub/build/lib
creating /workspace/build/image_pub/build/lib/image_pub
copying image_pub/image_pub_rgb.py -> /workspace/build/image_pub/build/lib/image_pub
copying image_pub/image_pub_node.py -> /workspace/build/image_pub/build/lib/image_pub
copying image_pub/__init__.py -> /workspace/build/image_pub/build/lib/image_pub
copying image_pub/record_video_node.py -> /workspace/build/image_pub/build/lib/image_pub
running install
running install_lib
creating /workspace/install/image_pub/lib/python3.10/site-packages/image_pub
copying /workspace/build/image_pub/build/lib/image_pub/image_pub_rgb.py -> /workspace/install/image_pub/lib/python3.10/site-packages/image_pub
copying /workspace/build/image_pub/build/lib/image_pub/image_pub_node.py -> /workspace/install/image_pub/lib/python3.10/site-packages/image_pub
copying /workspace/build/image_pub/build/lib/image_pub/__init__.py -> /workspace/install/image_pub/lib/python3.10/site-packages/image_pub
copying /workspace/build/image_pub/build/lib/image_pub/record_video_node.py -> /workspace/install/image_pub/lib/python3.10/site-packages/image_pub
byte-compiling /workspace/install/image_pub/lib/python3.10/site-packages/image_pub/image_pub_rgb.py to image_pub_rgb.cpython-310.pyc
byte-compiling /workspace/install/image_pub/lib/python3.10/site-packages/image_pub/image_pub_node.py to image_pub_node.cpython-310.pyc
byte-compiling /workspace/install/image_pub/lib/python3.10/site-packages/image_pub/__init__.py to __init__.cpython-310.pyc
byte-compiling /workspace/install/image_pub/lib/python3.10/site-packages/image_pub/record_video_node.py to record_video_node.cpython-310.pyc
running install_data
copying resource/image_pub -> /workspace/install/image_pub/share/ament_index/resource_index/packages
copying package.xml -> /workspace/install/image_pub/share/image_pub
running install_egg_info
Copying ../../build/image_pub/image_pub.egg-info to /workspace/install/image_pub/lib/python3.10/site-packages/image_pub-0.0.0-py3.10.egg-info
running install_scripts
Installing image_pub_node script to /workspace/install/image_pub/lib/image_pub
Installing image_pub_rgb_node script to /workspace/install/image_pub/lib/image_pub
Installing image_recorder_node script to /workspace/install/image_pub/lib/image_pub
writing list of installed files to '/workspace/build/image_pub/install.log'
