[2.185s] Invoking command in '/workspace/src/overlay_viz': PYTHONPATH=/workspace/build/overlay_viz/prefix_override:/usr/lib/python3/dist-packages/colcon_core/task/python/colcon_distutils_commands:/workspace/install/overlay_viz/lib/python3.10/site-packages:${PYTHONPATH} /usr/bin/python3 -W ignore:setup.py install is deprecated -W ignore:easy_install command is deprecated setup.py egg_info --egg-base ../../build/overlay_viz build --build-base /workspace/build/overlay_viz/build install --record /workspace/build/overlay_viz/install.log --single-version-externally-managed install_data
[2.694s] running egg_info
[2.696s] creating ../../build/overlay_viz/overlay_viz.egg-info
[2.705s] writing ../../build/overlay_viz/overlay_viz.egg-info/PKG-INFO
[2.732s] writing dependency_links to ../../build/overlay_viz/overlay_viz.egg-info/dependency_links.txt
[2.739s] writing entry points to ../../build/overlay_viz/overlay_viz.egg-info/entry_points.txt
[2.753s] writing requirements to ../../build/overlay_viz/overlay_viz.egg-info/requires.txt
[2.772s] writing top-level names to ../../build/overlay_viz/overlay_viz.egg-info/top_level.txt
[2.793s] writing manifest file '../../build/overlay_viz/overlay_viz.egg-info/SOURCES.txt'
[2.839s] reading manifest file '../../build/overlay_viz/overlay_viz.egg-info/SOURCES.txt'
[2.852s] writing manifest file '../../build/overlay_viz/overlay_viz.egg-info/SOURCES.txt'
[2.862s] running build
[2.867s] running build_py
[2.871s] creating /workspace/build/overlay_viz/build
[2.877s] creating /workspace/build/overlay_viz/build/lib
[2.881s] creating /workspace/build/overlay_viz/build/lib/overlay_viz
[2.889s] copying overlay_viz/overlay_viz_node.py -> /workspace/build/overlay_viz/build/lib/overlay_viz
[2.894s] copying overlay_viz/__init__.py -> /workspace/build/overlay_viz/build/lib/overlay_viz
[2.897s] running install
[2.900s] running install_lib
[2.914s] creating /workspace/install/overlay_viz/lib/python3.10/site-packages/overlay_viz
[2.917s] copying /workspace/build/overlay_viz/build/lib/overlay_viz/overlay_viz_node.py -> /workspace/install/overlay_viz/lib/python3.10/site-packages/overlay_viz
[2.921s] copying /workspace/build/overlay_viz/build/lib/overlay_viz/__init__.py -> /workspace/install/overlay_viz/lib/python3.10/site-packages/overlay_viz
[2.922s] byte-compiling /workspace/install/overlay_viz/lib/python3.10/site-packages/overlay_viz/overlay_viz_node.py to overlay_viz_node.cpython-310.pyc
[2.932s] byte-compiling /workspace/install/overlay_viz/lib/python3.10/site-packages/overlay_viz/__init__.py to __init__.cpython-310.pyc
[2.953s] running install_data
[2.988s] creating /workspace/install/overlay_viz/share/ament_index
[2.992s] creating /workspace/install/overlay_viz/share/ament_index/resource_index
[2.994s] creating /workspace/install/overlay_viz/share/ament_index/resource_index/packages
[3.055s] copying resource/overlay_viz -> /workspace/install/overlay_viz/share/ament_index/resource_index/packages
[3.057s] copying package.xml -> /workspace/install/overlay_viz/share/overlay_viz
[3.059s] running install_egg_info
[3.063s] Copying ../../build/overlay_viz/overlay_viz.egg-info to /workspace/install/overlay_viz/lib/python3.10/site-packages/overlay_viz-0.0.0-py3.10.egg-info
[3.088s] running install_scripts
[3.116s] Installing overlay_viz_node script to /workspace/install/overlay_viz/lib/overlay_viz
[3.119s] writing list of installed files to '/workspace/build/overlay_viz/install.log'
[3.148s] Invoked command in '/workspace/src/overlay_viz' returned '0': PYTHONPATH=/workspace/build/overlay_viz/prefix_override:/usr/lib/python3/dist-packages/colcon_core/task/python/colcon_distutils_commands:/workspace/install/overlay_viz/lib/python3.10/site-packages:${PYTHONPATH} /usr/bin/python3 -W ignore:setup.py install is deprecated -W ignore:easy_install command is deprecated setup.py egg_info --egg-base ../../build/overlay_viz build --build-base /workspace/build/overlay_viz/build install --record /workspace/build/overlay_viz/install.log --single-version-externally-managed install_data
