[2.248s] Invoking command in '/workspace/src/overlay_viz': PYTHONPATH=/workspace/build/overlay_viz/prefix_override:/usr/lib/python3/dist-packages/colcon_core/task/python/colcon_distutils_commands:/workspace/install/overlay_viz/lib/python3.10/site-packages:${PYTHONPATH} /usr/bin/python3 -W ignore:setup.py install is deprecated -W ignore:easy_install command is deprecated setup.py egg_info --egg-base ../../build/overlay_viz build --build-base /workspace/build/overlay_viz/build install --record /workspace/build/overlay_viz/install.log --single-version-externally-managed install_data
[3.000s] running egg_info
[3.004s] writing ../../build/overlay_viz/overlay_viz.egg-info/PKG-INFO
[3.006s] writing dependency_links to ../../build/overlay_viz/overlay_viz.egg-info/dependency_links.txt
[3.008s] writing entry points to ../../build/overlay_viz/overlay_viz.egg-info/entry_points.txt
[3.011s] writing requirements to ../../build/overlay_viz/overlay_viz.egg-info/requires.txt
[3.016s] writing top-level names to ../../build/overlay_viz/overlay_viz.egg-info/top_level.txt
[3.046s] reading manifest file '../../build/overlay_viz/overlay_viz.egg-info/SOURCES.txt'
[3.051s] writing manifest file '../../build/overlay_viz/overlay_viz.egg-info/SOURCES.txt'
[3.058s] running build
[3.065s] running build_py
[3.093s] running install
[3.100s] running install_lib
[3.116s] running install_data
[3.123s] running install_egg_info
[3.140s] removing '/workspace/install/overlay_viz/lib/python3.10/site-packages/overlay_viz-0.0.0-py3.10.egg-info' (and everything under it)
[3.161s] Copying ../../build/overlay_viz/overlay_viz.egg-info to /workspace/install/overlay_viz/lib/python3.10/site-packages/overlay_viz-0.0.0-py3.10.egg-info
[3.297s] running install_scripts
[3.348s] Installing overlay_viz_node script to /workspace/install/overlay_viz/lib/overlay_viz
[3.388s] writing list of installed files to '/workspace/build/overlay_viz/install.log'
[3.480s] Invoked command in '/workspace/src/overlay_viz' returned '0': PYTHONPATH=/workspace/build/overlay_viz/prefix_override:/usr/lib/python3/dist-packages/colcon_core/task/python/colcon_distutils_commands:/workspace/install/overlay_viz/lib/python3.10/site-packages:${PYTHONPATH} /usr/bin/python3 -W ignore:setup.py install is deprecated -W ignore:easy_install command is deprecated setup.py egg_info --egg-base ../../build/overlay_viz build --build-base /workspace/build/overlay_viz/build install --record /workspace/build/overlay_viz/install.log --single-version-externally-managed install_data
